<?xml version="1.0" encoding="UTF-8"?>
<testsuite xmlns:xsi="http://www.w3.org/2001/XMLSchema-instance" xsi:noNamespaceSchemaLocation="https://maven.apache.org/surefire/maven-surefire-plugin/xsd/surefire-test-report-3.0.xsd" version="3.0" name="org.apache.camel.example.springboot.grpc.SimpleHttp2Test" time="5.058" tests="1" errors="0" skipped="0" failures="0">
  <properties>
[...]
</properties>
  <testcase name="testHTTP2Route" classname="org.apache.camel.example.springboot.grpc.SimpleHttp2Test" time="2.378"/>
</testsuite>